<?xml version="1.0" encoding="UTF-8"?>
<testsuite name="unitTest.IsNotServiceWord" tests="7" skipped="0" failures="0" errors="0" timestamp="2020-10-26T05:35:15" hostname="maria-TM1701" time="0.005">
  <properties/>
  <testcase name="small c()" classname="unitTest.IsNotServiceWord" time="0.001"/>
  <testcase name="preposition()" classname="unitTest.IsNotServiceWord" time="0.001"/>
  <testcase name="word()" classname="unitTest.IsNotServiceWord" time="0.0"/>
  <testcase name="big c()" classname="unitTest.IsNotServiceWord" time="0.0"/>
  <testcase name="union()" classname="unitTest.IsNotServiceWord" time="0.001"/>
  <testcase name="interjection()" classname="unitTest.IsNotServiceWord" time="0.0"/>
  <testcase name="particle()" classname="unitTest.IsNotServiceWord" time="0.0"/>
  <system-out><![CDATA[]]></system-out>
  <system-err><![CDATA[]]></system-err>
</testsuite>
