<?xml version="1.0" encoding="UTF-8"?>
<testsuite name="unitTest.IsCorrectDataForFirstRequest" tests="2" skipped="0" failures="0" errors="0" timestamp="2020-10-26T05:35:15" hostname="maria-TM1701" time="0.001">
  <properties/>
  <testcase name="two args()" classname="unitTest.IsCorrectDataForFirstRequest" time="0.001"/>
  <testcase name="not two args()" classname="unitTest.IsCorrectDataForFirstRequest" time="0.0"/>
  <system-out><![CDATA[]]></system-out>
  <system-err><![CDATA[]]></system-err>
</testsuite>
