<?xml version="1.0" encoding="UTF-8"?>
<testsuite name="unitTest.NumberOrWord" tests="5" skipped="0" failures="0" errors="0" timestamp="2020-10-26T05:35:15" hostname="maria-TM1701" time="0.004">
  <properties/>
  <testcase name="correct word()" classname="unitTest.NumberOrWord" time="0.001"/>
  <testcase name="not correct word()" classname="unitTest.NumberOrWord" time="0.001"/>
  <testcase name="not natural number()" classname="unitTest.NumberOrWord" time="0.001"/>
  <testcase name="natural number()" classname="unitTest.NumberOrWord" time="0.0"/>
  <testcase name="not word()" classname="unitTest.NumberOrWord" time="0.001"/>
  <system-out><![CDATA[]]></system-out>
  <system-err><![CDATA[]]></system-err>
</testsuite>
